2021-10-03 00:50:53,357 INFO  [Log] openMainUrl() PASSED 
2021-10-03 00:50:56,133 INFO  [Log] loginPage() PASSED 
2021-10-03 00:51:01,778 INFO  [Log] SignIn() PASSED 
2021-10-03 00:56:01,165 INFO  [Log] SignIn() PASSED 
2021-10-03 00:56:20,194 INFO  [Log] openMainUrl() PASSED 
2021-10-03 00:56:23,549 INFO  [Log] loginPage() PASSED 
2021-10-03 00:56:28,587 INFO  [Log] SignIn() PASSED 
2021-10-03 00:58:59,353 INFO  [Log] openMainUrl() PASSED 
2021-10-03 00:59:02,010 INFO  [Log] loginPage() PASSED 
2021-10-03 00:59:05,724 INFO  [Log] SignIn() PASSED 
2021-10-03 01:01:03,402 INFO  [Log] openMainUrl() PASSED 
2021-10-03 01:01:04,313 INFO  [Log] loginPage() PASSED 
2021-10-03 01:01:11,019 INFO  [Log] SignIn() PASSED 
2021-10-03 01:02:01,593 ERROR [Log] search_a_product() FAILED with cause : no such element: Unable to locate element: {"method":"css selector","selector":"#sp\-cc\-accept"}
  (Session info: chrome=94.0.4606.71)
For documentation on this error, please visit: https://www.seleniumhq.org/exceptions/no_such_element.html
Build info: version: '3.141.59', revision: 'e82be7d358', time: '2018-11-14T08:17:03'
System info: host: 'DESKTOP-3NIQGMN', ip: '192.168.0.106', os.name: 'Windows 10', os.arch: 'amd64', os.version: '10.0', java.version: '1.8.0_301'
Driver info: org.openqa.selenium.chrome.ChromeDriver
Capabilities {acceptInsecureCerts: false, browserName: chrome, browserVersion: 94.0.4606.71, chrome: {chromedriverVersion: 94.0.4606.61 (418b78f5838ed..., userDataDir: C:\Users\faruk\AppData\Loca...}, goog:chromeOptions: {debuggerAddress: localhost:64836}, javascriptEnabled: true, networkConnectionEnabled: false, pageLoadStrategy: normal, platform: WINDOWS, platformName: WINDOWS, proxy: Proxy(), setWindowRect: true, strictFileInteractability: false, timeouts: {implicit: 0, pageLoad: 300000, script: 30000}, unhandledPromptBehavior: dismiss and notify, webauthn:extension:credBlob: true, webauthn:extension:largeBlob: true, webauthn:virtualAuthenticators: true}
Session ID: e6fc068ac0bb7512fef275db690cd5fb
*** Element info: {Using=id, value=sp-cc-accept} 
2021-10-03 01:05:35,976 INFO  [Log] openMainUrl() PASSED 
2021-10-03 01:05:36,607 INFO  [Log] loginPage() PASSED 
2021-10-03 01:05:42,827 INFO  [Log] SignIn() PASSED 
2021-10-03 01:06:33,459 ERROR [Log] search_a_product() FAILED with cause : no such element: Unable to locate element: {"method":"css selector","selector":"#sp\-cc\-accept"}
  (Session info: chrome=94.0.4606.71)
For documentation on this error, please visit: https://www.seleniumhq.org/exceptions/no_such_element.html
Build info: version: '3.141.59', revision: 'e82be7d358', time: '2018-11-14T08:17:03'
System info: host: 'DESKTOP-3NIQGMN', ip: '192.168.0.106', os.name: 'Windows 10', os.arch: 'amd64', os.version: '10.0', java.version: '1.8.0_301'
Driver info: org.openqa.selenium.chrome.ChromeDriver
Capabilities {acceptInsecureCerts: false, browserName: chrome, browserVersion: 94.0.4606.71, chrome: {chromedriverVersion: 94.0.4606.61 (418b78f5838ed..., userDataDir: C:\Users\faruk\AppData\Loca...}, goog:chromeOptions: {debuggerAddress: localhost:49772}, javascriptEnabled: true, networkConnectionEnabled: false, pageLoadStrategy: normal, platform: WINDOWS, platformName: WINDOWS, proxy: Proxy(), setWindowRect: true, strictFileInteractability: false, timeouts: {implicit: 0, pageLoad: 300000, script: 30000}, unhandledPromptBehavior: dismiss and notify, webauthn:extension:credBlob: true, webauthn:extension:largeBlob: true, webauthn:virtualAuthenticators: true}
Session ID: cf89e789e5e6771f1ed569cce6eb8c18
*** Element info: {Using=id, value=sp-cc-accept} 
2021-10-03 01:10:15,791 INFO  [Log] openMainUrl() PASSED 
2021-10-03 01:10:16,874 INFO  [Log] loginPage() PASSED 
2021-10-03 01:10:22,448 INFO  [Log] signIn() PASSED 
2021-10-03 01:11:12,995 ERROR [Log] searchProduct() FAILED with cause : no such element: Unable to locate element: {"method":"css selector","selector":"#sp\-cc\-accept"}
  (Session info: chrome=94.0.4606.71)
For documentation on this error, please visit: https://www.seleniumhq.org/exceptions/no_such_element.html
Build info: version: '3.141.59', revision: 'e82be7d358', time: '2018-11-14T08:17:03'
System info: host: 'DESKTOP-3NIQGMN', ip: '192.168.0.106', os.name: 'Windows 10', os.arch: 'amd64', os.version: '10.0', java.version: '1.8.0_301'
Driver info: org.openqa.selenium.chrome.ChromeDriver
Capabilities {acceptInsecureCerts: false, browserName: chrome, browserVersion: 94.0.4606.71, chrome: {chromedriverVersion: 94.0.4606.61 (418b78f5838ed..., userDataDir: C:\Users\faruk\AppData\Loca...}, goog:chromeOptions: {debuggerAddress: localhost:61912}, javascriptEnabled: true, networkConnectionEnabled: false, pageLoadStrategy: normal, platform: WINDOWS, platformName: WINDOWS, proxy: Proxy(), setWindowRect: true, strictFileInteractability: false, timeouts: {implicit: 0, pageLoad: 300000, script: 30000}, unhandledPromptBehavior: dismiss and notify, webauthn:extension:credBlob: true, webauthn:extension:largeBlob: true, webauthn:virtualAuthenticators: true}
Session ID: 0d62f32ec3ce7ecaaf2b67d9326610c9
*** Element info: {Using=id, value=sp-cc-accept} 
2021-10-03 01:16:09,097 INFO  [Log] openMainUrl() PASSED 
2021-10-03 01:16:09,982 INFO  [Log] loginPage() PASSED 
2021-10-03 01:16:14,643 INFO  [Log] signIn() PASSED 
2021-10-03 01:17:05,076 ERROR [Log] searchProduct() FAILED with cause : no such element: Unable to locate element: {"method":"css selector","selector":"#sp\-cc\-accept"}
  (Session info: chrome=94.0.4606.71)
For documentation on this error, please visit: https://www.seleniumhq.org/exceptions/no_such_element.html
Build info: version: '3.141.59', revision: 'e82be7d358', time: '2018-11-14T08:17:03'
System info: host: 'DESKTOP-3NIQGMN', ip: '192.168.0.106', os.name: 'Windows 10', os.arch: 'amd64', os.version: '10.0', java.version: '1.8.0_301'
Driver info: org.openqa.selenium.chrome.ChromeDriver
Capabilities {acceptInsecureCerts: false, browserName: chrome, browserVersion: 94.0.4606.71, chrome: {chromedriverVersion: 94.0.4606.61 (418b78f5838ed..., userDataDir: C:\Users\faruk\AppData\Loca...}, goog:chromeOptions: {debuggerAddress: localhost:61728}, javascriptEnabled: true, networkConnectionEnabled: false, pageLoadStrategy: normal, platform: WINDOWS, platformName: WINDOWS, proxy: Proxy(), setWindowRect: true, strictFileInteractability: false, timeouts: {implicit: 0, pageLoad: 300000, script: 30000}, unhandledPromptBehavior: dismiss and notify, webauthn:extension:credBlob: true, webauthn:extension:largeBlob: true, webauthn:virtualAuthenticators: true}
Session ID: 3f5e765c0e0e9d220871ed042800cb8e
*** Element info: {Using=id, value=sp-cc-accept} 
2021-10-03 01:19:41,023 INFO  [Log] openMainUrl() PASSED 
2021-10-03 01:19:41,705 INFO  [Log] loginPage() PASSED 
2021-10-03 01:19:47,140 INFO  [Log] signIn() PASSED 
2021-10-03 01:19:49,179 INFO  [Log] searchProduct() PASSED 
2021-10-03 01:33:40,204 INFO  [Log] openMainUrl() PASSED 
2021-10-03 01:33:41,170 INFO  [Log] loginPage() PASSED 
2021-10-03 01:33:46,783 INFO  [Log] signIn() PASSED 
2021-10-03 01:33:48,267 INFO  [Log] searchProduct() PASSED 
2021-10-03 01:33:54,293 ERROR [Log] scrollPage() FAILED with cause : Not on home page! ==> expected: <true> but was: <false> 
2021-10-03 01:35:24,957 INFO  [Log] openMainUrl() PASSED 
2021-10-03 01:35:27,898 INFO  [Log] loginPage() PASSED 
2021-10-03 01:35:32,547 INFO  [Log] signIn() PASSED 
2021-10-03 01:35:36,663 INFO  [Log] searchProduct() PASSED 
2021-10-03 01:35:40,840 INFO  [Log] scrollPage() PASSED 
2021-10-03 01:47:14,351 INFO  [Log] openMainUrl() PASSED 
2021-10-03 01:47:15,256 INFO  [Log] loginPage() PASSED 
2021-10-03 01:47:22,056 INFO  [Log] signIn() PASSED 
2021-10-03 01:47:25,799 INFO  [Log] searchProduct() PASSED 
2021-10-03 01:47:31,077 INFO  [Log] scrollPage() PASSED 
2021-10-03 01:47:31,086 ERROR [Log] selectProduct() FAILED with cause : null 
2021-10-03 01:49:49,762 INFO  [Log] openMainUrl() PASSED 
2021-10-03 01:49:50,486 INFO  [Log] loginPage() PASSED 
2021-10-03 01:49:55,658 INFO  [Log] signIn() PASSED 
2021-10-03 01:49:58,413 INFO  [Log] searchProduct() PASSED 
2021-10-03 01:50:02,123 INFO  [Log] scrollPage() PASSED 
2021-10-03 01:50:06,728 INFO  [Log] selectProduct() PASSED 
2021-10-03 02:10:12,848 INFO  [Log] openMainUrl() PASSED 
2021-10-03 02:10:16,238 INFO  [Log] loginPage() PASSED 
2021-10-03 02:10:19,510 INFO  [Log] signIn() PASSED 
2021-10-03 02:10:20,788 ERROR [Log] searchProduct() FAILED with cause : Not on product page! ==> expected: <true> but was: <false> 
2021-10-03 02:10:24,388 INFO  [Log] scrollPage() PASSED 
2021-10-03 02:10:31,437 INFO  [Log] selectProduct() PASSED 
2021-10-03 02:10:31,439 ERROR [Log] addProductToCart() FAILED with cause : null 
2021-10-03 02:12:13,602 INFO  [Log] openMainUrl() PASSED 
2021-10-03 02:12:16,418 INFO  [Log] loginPage() PASSED 
2021-10-03 02:12:19,251 INFO  [Log] signIn() PASSED 
2021-10-03 02:12:22,127 INFO  [Log] searchProduct() PASSED 
2021-10-03 02:12:25,153 INFO  [Log] scrollPage() PASSED 
2021-10-03 02:12:30,486 INFO  [Log] selectProduct() PASSED 
2021-10-03 02:12:30,490 ERROR [Log] addProductToCart() FAILED with cause : null 
2021-10-03 02:21:21,428 INFO  [Log] openMainUrl() PASSED 
2021-10-03 02:21:21,976 INFO  [Log] loginPage() PASSED 
2021-10-03 02:21:27,350 INFO  [Log] signIn() PASSED 
2021-10-03 02:21:30,593 INFO  [Log] searchProduct() PASSED 
2021-10-03 02:21:33,391 INFO  [Log] scrollPage() PASSED 
2021-10-03 02:21:38,351 INFO  [Log] selectProduct() PASSED 
2021-10-03 02:21:38,355 ERROR [Log] addProductToCart() FAILED with cause : null 
2021-10-03 02:27:38,145 ERROR [Log] selectProduct() FAILED with cause : Index: 3, Size: 0 
2021-10-03 02:31:41,576 ERROR [Log] selectProduct() FAILED with cause : Index: 3, Size: 0 
2021-10-03 02:32:37,645 INFO  [Log] openMainUrl() PASSED 
2021-10-03 02:32:38,582 INFO  [Log] loginPage() PASSED 
2021-10-03 02:32:43,505 INFO  [Log] signIn() PASSED 
2021-10-03 02:32:46,973 INFO  [Log] searchProduct() PASSED 
2021-10-03 02:32:50,860 INFO  [Log] scrollPage() PASSED 
2021-10-03 02:32:56,132 INFO  [Log] selectProduct() PASSED 
2021-10-03 02:32:56,137 ERROR [Log] addProductToCart() FAILED with cause : null 
2021-10-03 02:40:43,139 ERROR [Log] addProductToCart() FAILED with cause : null 
2021-10-03 02:42:34,125 ERROR [Log] addProductToCart() FAILED with cause : null 
2021-10-03 02:43:15,717 INFO  [Log] openMainUrl() PASSED 
2021-10-03 02:43:18,241 INFO  [Log] loginPage() PASSED 
2021-10-03 02:43:22,267 INFO  [Log] signIn() PASSED 
2021-10-03 02:43:24,949 INFO  [Log] searchProduct() PASSED 
2021-10-03 02:43:27,776 INFO  [Log] scrollPage() PASSED 
2021-10-03 02:44:09,498 INFO  [Log] selectProduct() PASSED 
2021-10-03 02:44:09,503 ERROR [Log] addProductToCart() FAILED with cause : null 
2021-10-03 02:44:30,034 ERROR [Log] addProductToCart() FAILED with cause : null 
2021-10-03 02:44:50,379 INFO  [Log] openMainUrl() PASSED 
2021-10-03 02:44:54,362 INFO  [Log] loginPage() PASSED 
2021-10-03 02:44:57,745 INFO  [Log] signIn() PASSED 
2021-10-03 02:45:01,385 INFO  [Log] searchProduct() PASSED 
2021-10-03 02:45:04,512 INFO  [Log] scrollPage() PASSED 
2021-10-03 02:47:09,495 INFO  [Log] selectProduct() PASSED 
2021-10-03 02:47:09,524 ERROR [Log] addProductToCart() FAILED with cause : null 
2021-10-03 02:51:04,822 INFO  [Log] openMainUrl() PASSED 
2021-10-03 02:51:05,660 INFO  [Log] loginPage() PASSED 
2021-10-03 02:51:11,737 INFO  [Log] signIn() PASSED 
2021-10-03 02:51:15,837 INFO  [Log] searchProduct() PASSED 
2021-10-03 02:51:18,421 INFO  [Log] scrollPage() PASSED 
2021-10-03 02:51:23,647 INFO  [Log] selectProduct() PASSED 
2021-10-03 02:51:23,652 ERROR [Log] addProductToCart() FAILED with cause : null 
2021-10-03 10:58:11,165 INFO  [Log] openMainUrl() PASSED 
2021-10-03 10:58:11,755 INFO  [Log] loginPage() PASSED 
2021-10-03 10:58:16,190 INFO  [Log] signIn() PASSED 
2021-10-03 10:58:19,281 INFO  [Log] searchProduct() PASSED 
2021-10-03 10:58:21,508 INFO  [Log] scrollPage() PASSED 
2021-10-03 10:58:25,631 INFO  [Log] selectProduct() PASSED 
2021-10-03 10:58:25,637 ERROR [Log] addProductToCart() FAILED with cause : null 
2021-10-03 11:06:57,918 INFO  [Log] openMainUrl() PASSED 
2021-10-03 11:06:58,470 INFO  [Log] loginPage() PASSED 
2021-10-03 11:07:02,952 INFO  [Log] signIn() PASSED 
2021-10-03 11:07:05,847 INFO  [Log] searchProduct() PASSED 
2021-10-03 11:07:08,294 INFO  [Log] scrollPage() PASSED 
2021-10-03 11:07:12,269 INFO  [Log] selectProduct() PASSED 
2021-10-03 11:07:12,274 ERROR [Log] addProductToCart() FAILED with cause : null 
2021-10-03 11:24:43,588 INFO  [Log] openMainUrl() PASSED 
2021-10-03 11:24:44,204 INFO  [Log] loginPage() PASSED 
2021-10-03 11:24:48,644 INFO  [Log] signIn() PASSED 
2021-10-03 11:24:51,819 INFO  [Log] searchProduct() PASSED 
2021-10-03 11:24:54,184 INFO  [Log] scrollPage() PASSED 
2021-10-03 11:24:57,941 INFO  [Log] selectProduct() PASSED 
2021-10-03 11:24:57,947 ERROR [Log] addProductToCart() FAILED with cause : null 
2021-10-03 12:28:34,810 INFO  [Log] openMainUrl() PASSED 
2021-10-03 12:28:35,602 INFO  [Log] loginPage() PASSED 
2021-10-03 12:28:40,307 INFO  [Log] signIn() PASSED 
2021-10-03 12:28:41,074 ERROR [Log] searchProduct() FAILED with cause : Not on product page! ==> expected: <true> but was: <false> 
2021-10-03 12:28:45,715 INFO  [Log] scrollPage() PASSED 
2021-10-03 12:28:51,282 INFO  [Log] selectProduct() PASSED 
2021-10-03 12:28:51,283 ERROR [Log] addProductToCart() FAILED with cause : null 
2021-10-03 12:30:36,228 INFO  [Log] openMainUrl() PASSED 
2021-10-03 12:30:38,745 INFO  [Log] loginPage() PASSED 
2021-10-03 12:30:42,274 INFO  [Log] signIn() PASSED 
2021-10-03 12:30:45,462 INFO  [Log] searchProduct() PASSED 
2021-10-03 12:30:47,449 INFO  [Log] scrollPage() PASSED 
2021-10-03 12:30:51,970 INFO  [Log] selectProduct() PASSED 
2021-10-03 12:30:51,974 ERROR [Log] addProductToCart() FAILED with cause : null 
2021-10-03 13:47:29,804 INFO  [Log] openMainUrl() PASSED 
2021-10-03 13:47:30,657 INFO  [Log] loginPage() PASSED 
2021-10-03 13:47:35,501 INFO  [Log] signIn() PASSED 
2021-10-03 13:47:38,754 INFO  [Log] searchProduct() PASSED 
2021-10-03 13:47:42,129 INFO  [Log] scrollPage() PASSED 
2021-10-03 13:47:46,050 INFO  [Log] selectProduct() PASSED 
2021-10-03 13:47:46,056 ERROR [Log] addProductToCart() FAILED with cause : null 
2021-10-03 14:08:17,905 INFO  [Log] openMainUrl() PASSED 
2021-10-03 14:08:20,166 INFO  [Log] loginPage() PASSED 
2021-10-03 14:08:25,013 INFO  [Log] signIn() PASSED 
2021-10-03 14:08:29,245 INFO  [Log] searchProduct() PASSED 
2021-10-03 14:08:31,397 INFO  [Log] scrollPage() PASSED 
2021-10-03 14:08:36,599 INFO  [Log] selectProduct() PASSED 
2021-10-03 14:08:38,653 ERROR [Log] addProductToCart() FAILED with cause : For input string: "" 
2021-10-03 14:11:03,455 INFO  [Log] openMainUrl() PASSED 
2021-10-03 14:11:05,828 INFO  [Log] loginPage() PASSED 
2021-10-03 14:11:09,770 INFO  [Log] signIn() PASSED 
2021-10-03 14:11:11,554 INFO  [Log] searchProduct() PASSED 
2021-10-03 14:11:13,168 INFO  [Log] scrollPage() PASSED 
2021-10-03 14:11:19,306 INFO  [Log] selectProduct() PASSED 
2021-10-03 14:12:55,742 ERROR [Log] addProductToCart() FAILED with cause : For input string: "" 
2021-10-03 14:13:15,694 INFO  [Log] openMainUrl() PASSED 
2021-10-03 14:13:16,371 INFO  [Log] loginPage() PASSED 
2021-10-03 14:13:21,509 INFO  [Log] signIn() PASSED 
2021-10-03 14:13:24,806 INFO  [Log] searchProduct() PASSED 
2021-10-03 14:13:27,112 INFO  [Log] scrollPage() PASSED 
2021-10-03 14:13:30,871 INFO  [Log] selectProduct() PASSED 
2021-10-03 14:13:55,202 INFO  [Log] addProductToCart() PASSED 
2021-10-03 14:14:55,874 INFO  [Log] openMainUrl() PASSED 
2021-10-03 14:14:58,968 INFO  [Log] loginPage() PASSED 
2021-10-03 14:15:02,931 INFO  [Log] signIn() PASSED 
2021-10-03 14:15:04,959 INFO  [Log] searchProduct() PASSED 
2021-10-03 14:15:07,992 INFO  [Log] scrollPage() PASSED 
2021-10-03 14:15:14,183 INFO  [Log] selectProduct() PASSED 
2021-10-03 14:15:14,664 INFO  [Log] addProductToCart() PASSED 
2021-10-03 14:16:25,202 INFO  [Log] openMainUrl() PASSED 
2021-10-03 14:16:27,640 INFO  [Log] loginPage() PASSED 
2021-10-03 14:16:32,160 INFO  [Log] signIn() PASSED 
2021-10-03 14:16:34,645 INFO  [Log] searchProduct() PASSED 
2021-10-03 14:16:37,357 INFO  [Log] scrollPage() PASSED 
2021-10-03 14:16:43,514 INFO  [Log] selectProduct() PASSED 
2021-10-03 14:16:46,216 ERROR [Log] addProductToCart() FAILED with cause : For input string: "" 
2021-10-03 14:22:13,544 INFO  [Log] openMainUrl() PASSED 
2021-10-03 14:22:16,425 INFO  [Log] loginPage() PASSED 
2021-10-03 14:22:19,565 INFO  [Log] signIn() PASSED 
2021-10-03 14:22:20,724 INFO  [Log] searchProduct() PASSED 
2021-10-03 14:22:25,380 INFO  [Log] scrollPage() PASSED 
2021-10-03 14:22:30,173 INFO  [Log] selectProduct() PASSED 
2021-10-03 14:22:32,127 ERROR [Log] addProductToCart() FAILED with cause : For input string: "" 
2021-10-03 14:24:24,467 INFO  [Log] openMainUrl() PASSED 
2021-10-03 14:24:30,274 INFO  [Log] loginPage() PASSED 
2021-10-03 14:24:34,933 INFO  [Log] signIn() PASSED 
2021-10-03 14:24:37,788 INFO  [Log] searchProduct() PASSED 
2021-10-03 14:24:41,179 INFO  [Log] scrollPage() PASSED 
2021-10-03 14:24:45,150 INFO  [Log] selectProduct() PASSED 
2021-10-03 14:24:47,380 ERROR [Log] addProductToCart() FAILED with cause : For input string: "" 
2021-10-03 14:25:57,274 INFO  [Log] openMainUrl() PASSED 
2021-10-03 14:25:59,428 INFO  [Log] loginPage() PASSED 
2021-10-03 14:26:03,075 INFO  [Log] signIn() PASSED 
2021-10-03 14:26:05,467 INFO  [Log] searchProduct() PASSED 
2021-10-03 14:26:07,431 INFO  [Log] scrollPage() PASSED 
2021-10-03 14:26:12,203 INFO  [Log] selectProduct() PASSED 
2021-10-03 14:26:14,584 ERROR [Log] addProductToCart() FAILED with cause : expected: <1> but was: <2> 
2021-10-03 14:27:00,435 INFO  [Log] openMainUrl() PASSED 
2021-10-03 14:27:02,595 INFO  [Log] loginPage() PASSED 
2021-10-03 14:27:06,351 INFO  [Log] signIn() PASSED 
2021-10-03 14:27:08,871 INFO  [Log] searchProduct() PASSED 
2021-10-03 14:27:10,845 INFO  [Log] scrollPage() PASSED 
2021-10-03 14:27:15,487 INFO  [Log] selectProduct() PASSED 
2021-10-03 14:27:17,654 ERROR [Log] addProductToCart() FAILED with cause : For input string: "" 
2021-10-03 14:28:30,918 INFO  [Log] openMainUrl() PASSED 
2021-10-03 14:28:33,916 INFO  [Log] loginPage() PASSED 
2021-10-03 14:28:38,262 INFO  [Log] signIn() PASSED 
2021-10-03 14:28:39,310 INFO  [Log] searchProduct() PASSED 
2021-10-03 14:28:43,336 INFO  [Log] scrollPage() PASSED 
2021-10-03 14:28:50,333 INFO  [Log] selectProduct() PASSED 
2021-10-03 14:28:51,345 INFO  [Log] addProductToCart() PASSED 
2021-10-03 14:30:45,328 INFO  [Log] openMainUrl() PASSED 
2021-10-03 14:30:47,877 INFO  [Log] loginPage() PASSED 
2021-10-03 14:30:51,735 INFO  [Log] signIn() PASSED 
2021-10-03 14:30:52,406 INFO  [Log] searchProduct() PASSED 
2021-10-03 14:30:55,759 INFO  [Log] scrollPage() PASSED 
2021-10-03 14:31:00,617 INFO  [Log] selectProduct() PASSED 
2021-10-03 14:31:01,465 ERROR [Log] addProductToCart() FAILED with cause : null 
2021-10-03 14:33:14,365 INFO  [Log] openMainUrl() PASSED 
2021-10-03 14:33:16,930 INFO  [Log] loginPage() PASSED 
2021-10-03 14:33:20,727 INFO  [Log] signIn() PASSED 
2021-10-03 14:33:23,191 INFO  [Log] searchProduct() PASSED 
2021-10-03 14:33:26,131 INFO  [Log] scrollPage() PASSED 
2021-10-03 14:33:30,038 INFO  [Log] selectProduct() PASSED 
2021-10-03 14:33:31,779 ERROR [Log] addProductToCart() FAILED with cause : For input string: "" 
2021-10-03 14:38:43,837 INFO  [Log] openMainUrl() PASSED 
2021-10-03 14:38:45,307 INFO  [Log] loginPage() PASSED 
2021-10-03 14:38:48,827 ERROR [Log] signIn() FAILED with cause : Not on home page! ==> expected: <true> but was: <false> 
2021-10-03 14:39:05,718 ERROR [Log] searchProduct() FAILED with cause : Cannot locate an element using id=search
For documentation on this error, please visit: https://www.seleniumhq.org/exceptions/no_such_element.html
Build info: version: '3.141.59', revision: 'e82be7d358', time: '2018-11-14T08:17:03'
System info: host: 'DESKTOP-3NIQGMN', ip: '192.168.0.106', os.name: 'Windows 10', os.arch: 'amd64', os.version: '10.0', java.version: '1.8.0_301'
Driver info: driver.version: RemoteWebDriver 
2021-10-03 14:39:26,587 INFO  [Log] openMainUrl() PASSED 
2021-10-03 14:39:30,483 INFO  [Log] loginPage() PASSED 
2021-10-03 14:39:34,099 INFO  [Log] signIn() PASSED 
2021-10-03 14:39:34,953 ERROR [Log] searchProduct() FAILED with cause : Not on product page! ==> expected: <true> but was: <false> 
2021-10-03 14:39:39,971 INFO  [Log] scrollPage() PASSED 
2021-10-03 14:39:44,067 INFO  [Log] selectProduct() PASSED 
2021-10-03 14:39:46,203 ERROR [Log] addProductToCart() FAILED with cause : expected: <true> but was: <1> 
2021-10-03 14:40:12,775 INFO  [Log] openMainUrl() PASSED 
2021-10-03 14:40:13,660 INFO  [Log] loginPage() PASSED 
2021-10-03 14:40:20,804 INFO  [Log] signIn() PASSED 
2021-10-03 14:40:25,229 INFO  [Log] searchProduct() PASSED 
2021-10-03 14:40:27,256 INFO  [Log] scrollPage() PASSED 
2021-10-03 14:40:32,251 INFO  [Log] selectProduct() PASSED 
2021-10-03 14:40:33,742 ERROR [Log] addProductToCart() FAILED with cause : expected: <true> but was: <1> 
2021-10-03 14:42:07,265 INFO  [Log] openMainUrl() PASSED 
2021-10-03 14:42:08,068 INFO  [Log] loginPage() PASSED 
2021-10-03 14:42:14,086 INFO  [Log] signIn() PASSED 
2021-10-03 14:42:16,353 INFO  [Log] searchProduct() PASSED 
2021-10-03 14:42:18,212 INFO  [Log] scrollPage() PASSED 
2021-10-03 14:42:24,794 INFO  [Log] selectProduct() PASSED 
2021-10-03 14:42:25,540 ERROR [Log] addProductToCart() FAILED with cause : For input string: "" 
2021-10-03 14:43:29,412 INFO  [Log] openMainUrl() PASSED 
2021-10-03 14:43:30,348 INFO  [Log] loginPage() PASSED 
2021-10-03 14:43:35,583 INFO  [Log] signIn() PASSED 
2021-10-03 14:43:36,584 INFO  [Log] searchProduct() PASSED 
2021-10-03 14:43:39,678 INFO  [Log] scrollPage() PASSED 
2021-10-03 14:43:44,384 INFO  [Log] selectProduct() PASSED 
2021-10-03 14:43:46,039 ERROR [Log] addProductToCart() FAILED with cause : For input string: "" 
2021-10-03 14:44:58,798 INFO  [Log] openMainUrl() PASSED 
2021-10-03 14:45:03,601 INFO  [Log] loginPage() PASSED 
2021-10-03 14:45:06,626 INFO  [Log] signIn() PASSED 
2021-10-03 14:45:07,714 INFO  [Log] searchProduct() PASSED 
2021-10-03 14:45:11,861 INFO  [Log] scrollPage() PASSED 
2021-10-03 14:45:16,178 INFO  [Log] selectProduct() PASSED 
2021-10-03 14:45:18,637 INFO  [Log] addProductToCart() PASSED 
2021-10-03 15:01:01,908 INFO  [Log] openMainUrl() PASSED 
2021-10-03 15:01:04,592 INFO  [Log] loginPage() PASSED 
2021-10-03 15:01:08,936 INFO  [Log] signIn() PASSED 
2021-10-03 15:01:11,503 INFO  [Log] searchProduct() PASSED 
2021-10-03 15:01:13,398 INFO  [Log] scrollPage() PASSED 
2021-10-03 15:01:20,276 INFO  [Log] selectProduct() PASSED 
2021-10-03 15:01:20,935 INFO  [Log] addProductToCart() PASSED 
2021-10-03 15:02:11,028 ERROR [Log] checkPrice() FAILED with cause : no such element: Unable to locate element: {"method":"css selector","selector":".rd\-cart\-item\-price"}
  (Session info: chrome=94.0.4606.71)
For documentation on this error, please visit: https://www.seleniumhq.org/exceptions/no_such_element.html
Build info: version: '3.141.59', revision: 'e82be7d358', time: '2018-11-14T08:17:03'
System info: host: 'DESKTOP-3NIQGMN', ip: '192.168.0.106', os.name: 'Windows 10', os.arch: 'amd64', os.version: '10.0', java.version: '1.8.0_301'
Driver info: org.openqa.selenium.chrome.ChromeDriver
Capabilities {acceptInsecureCerts: false, browserName: chrome, browserVersion: 94.0.4606.71, chrome: {chromedriverVersion: 94.0.4606.61 (418b78f5838ed..., userDataDir: C:\Users\faruk\AppData\Loca...}, goog:chromeOptions: {debuggerAddress: localhost:64220}, javascriptEnabled: true, networkConnectionEnabled: false, pageLoadStrategy: normal, platform: WINDOWS, platformName: WINDOWS, proxy: Proxy(), setWindowRect: true, strictFileInteractability: false, timeouts: {implicit: 0, pageLoad: 300000, script: 30000}, unhandledPromptBehavior: dismiss and notify, webauthn:extension:credBlob: true, webauthn:extension:largeBlob: true, webauthn:virtualAuthenticators: true}
Session ID: 18612b09f3a0a0f87e53073763af498f
*** Element info: {Using=class name, value=rd-cart-item-price} 
2021-10-03 15:05:34,871 INFO  [Log] openMainUrl() PASSED 
2021-10-03 15:05:38,245 INFO  [Log] loginPage() PASSED 
2021-10-03 15:05:41,766 INFO  [Log] signIn() PASSED 
2021-10-03 15:05:45,350 INFO  [Log] searchProduct() PASSED 
2021-10-03 15:05:48,108 INFO  [Log] scrollPage() PASSED 
2021-10-03 15:05:56,266 INFO  [Log] selectProduct() PASSED 
2021-10-03 15:05:56,805 ERROR [Log] addProductToCart() FAILED with cause : For input string: "" 
2021-10-03 15:05:59,689 ERROR [Log] checkPrice() FAILED with cause : For input string: "79,99 TL" 
2021-10-03 15:07:46,335 INFO  [Log] openMainUrl() PASSED 
2021-10-03 15:07:47,522 INFO  [Log] loginPage() PASSED 
2021-10-03 15:07:53,747 INFO  [Log] signIn() PASSED 
2021-10-03 15:07:56,961 INFO  [Log] searchProduct() PASSED 
2021-10-03 15:08:00,599 INFO  [Log] scrollPage() PASSED 
2021-10-03 15:08:04,990 INFO  [Log] selectProduct() PASSED 
2021-10-03 15:08:05,377 ERROR [Log] addProductToCart() FAILED with cause : For input string: "" 
2021-10-03 15:08:07,805 ERROR [Log] checkPrice() FAILED with cause : expected: <79,99 TL> but was: <> 
2021-10-03 15:17:55,362 INFO  [Log] openMainUrl() PASSED 
2021-10-03 15:17:56,504 INFO  [Log] loginPage() PASSED 
2021-10-03 15:18:01,495 INFO  [Log] signIn() PASSED 
2021-10-03 15:18:03,606 INFO  [Log] searchProduct() PASSED 
2021-10-03 15:18:06,187 INFO  [Log] scrollPage() PASSED 
2021-10-03 15:19:01,866 ERROR [Log] selectProduct() FAILED with cause : no such element: Unable to locate element: {"method":"css selector","selector":"rightInfoBar > div:nth-child(1) > div > div:nth-child(3) > div > div > div > span.price"}
  (Session info: chrome=94.0.4606.71)
For documentation on this error, please visit: https://www.seleniumhq.org/exceptions/no_such_element.html
Build info: version: '3.141.59', revision: 'e82be7d358', time: '2018-11-14T08:17:03'
System info: host: 'DESKTOP-3NIQGMN', ip: '192.168.0.106', os.name: 'Windows 10', os.arch: 'amd64', os.version: '10.0', java.version: '1.8.0_301'
Driver info: org.openqa.selenium.chrome.ChromeDriver
Capabilities {acceptInsecureCerts: false, browserName: chrome, browserVersion: 94.0.4606.71, chrome: {chromedriverVersion: 94.0.4606.61 (418b78f5838ed..., userDataDir: C:\Users\faruk\AppData\Loca...}, goog:chromeOptions: {debuggerAddress: localhost:65456}, javascriptEnabled: true, networkConnectionEnabled: false, pageLoadStrategy: normal, platform: WINDOWS, platformName: WINDOWS, proxy: Proxy(), setWindowRect: true, strictFileInteractability: false, timeouts: {implicit: 0, pageLoad: 300000, script: 30000}, unhandledPromptBehavior: dismiss and notify, webauthn:extension:credBlob: true, webauthn:extension:largeBlob: true, webauthn:virtualAuthenticators: true}
Session ID: d70b98f80ce981ea66bfab349480f378
*** Element info: {Using=css selector, value=rightInfoBar > div:nth-child(1) > div > div:nth-child(3) > div > div > div > span.price} 
2021-10-03 15:19:02,236 ERROR [Log] addProductToCart() FAILED with cause : For input string: "" 
2021-10-03 15:19:06,460 ERROR [Log] checkPrice() FAILED with cause : expected: <79,99 TL> but was: <null> 
2021-10-03 15:21:49,747 INFO  [Log] openMainUrl() PASSED 
2021-10-03 15:21:50,680 INFO  [Log] loginPage() PASSED 
2021-10-03 15:21:55,707 INFO  [Log] signIn() PASSED 
2021-10-03 15:21:59,043 INFO  [Log] searchProduct() PASSED 
2021-10-03 15:22:00,760 INFO  [Log] scrollPage() PASSED 
2021-10-03 15:22:07,040 ERROR [Log] selectProduct() FAILED with cause : invalid selector: Unable to locate an element with the xpath expression rightInfoBar > div:nth-child(1) > div > div:nth-child(3) > div > div > div > span.price because of the following error:
SyntaxError: Failed to execute 'evaluate' on 'Document': The string 'rightInfoBar > div:nth-child(1) > div > div:nth-child(3) > div > div > div > span.price' is not a valid XPath expression.
  (Session info: chrome=94.0.4606.71)
For documentation on this error, please visit: https://www.seleniumhq.org/exceptions/invalid_selector_exception.html
Build info: version: '3.141.59', revision: 'e82be7d358', time: '2018-11-14T08:17:03'
System info: host: 'DESKTOP-3NIQGMN', ip: '192.168.0.106', os.name: 'Windows 10', os.arch: 'amd64', os.version: '10.0', java.version: '1.8.0_301'
Driver info: org.openqa.selenium.chrome.ChromeDriver
Capabilities {acceptInsecureCerts: false, browserName: chrome, browserVersion: 94.0.4606.71, chrome: {chromedriverVersion: 94.0.4606.61 (418b78f5838ed..., userDataDir: C:\Users\faruk\AppData\Loca...}, goog:chromeOptions: {debuggerAddress: localhost:61134}, javascriptEnabled: true, networkConnectionEnabled: false, pageLoadStrategy: normal, platform: WINDOWS, platformName: WINDOWS, proxy: Proxy(), setWindowRect: true, strictFileInteractability: false, timeouts: {implicit: 0, pageLoad: 300000, script: 30000}, unhandledPromptBehavior: dismiss and notify, webauthn:extension:credBlob: true, webauthn:extension:largeBlob: true, webauthn:virtualAuthenticators: true}
Session ID: d6878f4126a525a8cea655d14378c5d1
*** Element info: {Using=xpath, value=rightInfoBar > div:nth-child(1) > div > div:nth-child(3) > div > div > div > span.price} 
2021-10-03 15:22:07,503 ERROR [Log] addProductToCart() FAILED with cause : For input string: "" 
2021-10-03 15:22:10,173 ERROR [Log] checkPrice() FAILED with cause : expected: <79,99 TL> but was: <null> 
2021-10-03 15:26:12,999 INFO  [Log] openMainUrl() PASSED 
2021-10-03 15:26:15,845 INFO  [Log] loginPage() PASSED 
2021-10-03 15:26:20,891 INFO  [Log] signIn() PASSED 
2021-10-03 15:26:23,534 INFO  [Log] searchProduct() PASSED 
2021-10-03 15:26:26,339 INFO  [Log] scrollPage() PASSED 
2021-10-03 15:26:33,452 INFO  [Log] selectProduct() PASSED 
2021-10-03 15:26:33,890 ERROR [Log] addProductToCart() FAILED with cause : For input string: "" 
2021-10-03 15:26:36,667 INFO  [Log] checkPrice() PASSED 
2021-10-03 15:28:14,074 INFO  [Log] openMainUrl() PASSED 
2021-10-03 15:28:16,901 INFO  [Log] loginPage() PASSED 
2021-10-03 15:28:20,791 INFO  [Log] signIn() PASSED 
2021-10-03 15:28:23,439 INFO  [Log] searchProduct() PASSED 
2021-10-03 15:28:25,495 INFO  [Log] scrollPage() PASSED 
2021-10-03 15:28:32,096 INFO  [Log] selectProduct() PASSED 
2021-10-03 15:28:32,566 ERROR [Log] addProductToCart() FAILED with cause : For input string: "" 
2021-10-03 15:28:35,059 INFO  [Log] checkPrice() PASSED 
2021-10-03 15:30:43,315 INFO  [Log] openMainUrl() PASSED 
2021-10-03 15:30:44,019 INFO  [Log] loginPage() PASSED 
2021-10-03 15:30:49,429 INFO  [Log] signIn() PASSED 
2021-10-03 15:30:52,103 INFO  [Log] searchProduct() PASSED 
2021-10-03 15:30:54,207 INFO  [Log] scrollPage() PASSED 
2021-10-03 15:30:59,868 INFO  [Log] selectProduct() PASSED 
2021-10-03 15:31:01,362 ERROR [Log] addProductToCart() FAILED with cause : For input string: "" 
2021-10-03 15:31:04,058 INFO  [Log] checkPrice() PASSED 
2021-10-03 15:33:16,424 INFO  [Log] openMainUrl() PASSED 
2021-10-03 15:33:17,510 INFO  [Log] loginPage() PASSED 
2021-10-03 15:33:22,526 INFO  [Log] signIn() PASSED 
2021-10-03 15:33:25,544 INFO  [Log] searchProduct() PASSED 
2021-10-03 15:33:28,916 INFO  [Log] scrollPage() PASSED 
2021-10-03 15:33:35,620 INFO  [Log] selectProduct() PASSED 
2021-10-03 15:33:36,093 ERROR [Log] addProductToCart() FAILED with cause : For input string: "" 
2021-10-03 15:33:39,297 INFO  [Log] checkPrice() PASSED 
2021-10-03 15:34:39,717 INFO  [Log] openMainUrl() PASSED 
2021-10-03 15:34:40,213 ERROR [Log] loginPage() FAILED with cause : Not on login page! ==> expected: <true> but was: <false> 
2021-10-03 15:34:45,363 ERROR [Log] signIn() FAILED with cause : no such element: Unable to locate element: {"method":"css selector","selector":"#LoginEmail"}
  (Session info: chrome=94.0.4606.71)
For documentation on this error, please visit: https://www.seleniumhq.org/exceptions/no_such_element.html
Build info: version: '3.141.59', revision: 'e82be7d358', time: '2018-11-14T08:17:03'
System info: host: 'DESKTOP-3NIQGMN', ip: '192.168.0.106', os.name: 'Windows 10', os.arch: 'amd64', os.version: '10.0', java.version: '1.8.0_301'
Driver info: org.openqa.selenium.chrome.ChromeDriver
Capabilities {acceptInsecureCerts: false, browserName: chrome, browserVersion: 94.0.4606.71, chrome: {chromedriverVersion: 94.0.4606.61 (418b78f5838ed..., userDataDir: C:\Users\faruk\AppData\Loca...}, goog:chromeOptions: {debuggerAddress: localhost:51859}, javascriptEnabled: true, networkConnectionEnabled: false, pageLoadStrategy: normal, platform: WINDOWS, platformName: WINDOWS, proxy: Proxy(), setWindowRect: true, strictFileInteractability: false, timeouts: {implicit: 0, pageLoad: 300000, script: 30000}, unhandledPromptBehavior: dismiss and notify, webauthn:extension:credBlob: true, webauthn:extension:largeBlob: true, webauthn:virtualAuthenticators: true}
Session ID: 6e3b5a310a187ac93e4fb8ef724ab7eb
*** Element info: {Using=id, value=LoginEmail} 
2021-10-03 15:34:49,004 INFO  [Log] searchProduct() PASSED 
2021-10-03 15:34:52,515 INFO  [Log] scrollPage() PASSED 
2021-10-03 15:34:54,493 ERROR [Log] selectProduct() FAILED with cause : element click intercepted: Element <div class="picture-box" data-optionid="2078130">...</div> is not clickable at point (981, 157). Other element would receive the click: <div class="fixable-area filter-fixable-bar fixed" style="top: 118px;">...</div>
  (Session info: chrome=94.0.4606.71)
Build info: version: '3.141.59', revision: 'e82be7d358', time: '2018-11-14T08:17:03'
System info: host: 'DESKTOP-3NIQGMN', ip: '192.168.0.106', os.name: 'Windows 10', os.arch: 'amd64', os.version: '10.0', java.version: '1.8.0_301'
Driver info: org.openqa.selenium.chrome.ChromeDriver
Capabilities {acceptInsecureCerts: false, browserName: chrome, browserVersion: 94.0.4606.71, chrome: {chromedriverVersion: 94.0.4606.61 (418b78f5838ed..., userDataDir: C:\Users\faruk\AppData\Loca...}, goog:chromeOptions: {debuggerAddress: localhost:51859}, javascriptEnabled: true, networkConnectionEnabled: false, pageLoadStrategy: normal, platform: WINDOWS, platformName: WINDOWS, proxy: Proxy(), setWindowRect: true, strictFileInteractability: false, timeouts: {implicit: 0, pageLoad: 300000, script: 30000}, unhandledPromptBehavior: dismiss and notify, webauthn:extension:credBlob: true, webauthn:extension:largeBlob: true, webauthn:virtualAuthenticators: true}
Session ID: 6e3b5a310a187ac93e4fb8ef724ab7eb 
2021-10-03 15:34:59,556 ERROR [Log] addProductToCart() FAILED with cause : no such element: Unable to locate element: {"method":"css selector","selector":"#pd_add_to_cart"}
  (Session info: chrome=94.0.4606.71)
For documentation on this error, please visit: https://www.seleniumhq.org/exceptions/no_such_element.html
Build info: version: '3.141.59', revision: 'e82be7d358', time: '2018-11-14T08:17:03'
System info: host: 'DESKTOP-3NIQGMN', ip: '192.168.0.106', os.name: 'Windows 10', os.arch: 'amd64', os.version: '10.0', java.version: '1.8.0_301'
Driver info: org.openqa.selenium.chrome.ChromeDriver
Capabilities {acceptInsecureCerts: false, browserName: chrome, browserVersion: 94.0.4606.71, chrome: {chromedriverVersion: 94.0.4606.61 (418b78f5838ed..., userDataDir: C:\Users\faruk\AppData\Loca...}, goog:chromeOptions: {debuggerAddress: localhost:51859}, javascriptEnabled: true, networkConnectionEnabled: false, pageLoadStrategy: normal, platform: WINDOWS, platformName: WINDOWS, proxy: Proxy(), setWindowRect: true, strictFileInteractability: false, timeouts: {implicit: 0, pageLoad: 300000, script: 30000}, unhandledPromptBehavior: dismiss and notify, webauthn:extension:credBlob: true, webauthn:extension:largeBlob: true, webauthn:virtualAuthenticators: true}
Session ID: 6e3b5a310a187ac93e4fb8ef724ab7eb
*** Element info: {Using=id, value=pd_add_to_cart} 
2021-10-03 15:35:34,290 INFO  [Log] openMainUrl() PASSED 
2021-10-03 15:35:35,239 INFO  [Log] loginPage() PASSED 
2021-10-03 15:35:41,269 INFO  [Log] signIn() PASSED 
2021-10-03 15:35:44,084 INFO  [Log] searchProduct() PASSED 
2021-10-03 15:35:45,979 INFO  [Log] scrollPage() PASSED 
2021-10-03 15:35:51,821 INFO  [Log] selectProduct() PASSED 
2021-10-03 15:35:52,304 ERROR [Log] addProductToCart() FAILED with cause : For input string: "" 
2021-10-03 15:38:41,700 INFO  [Log] openMainUrl() PASSED 
2021-10-03 15:38:42,761 INFO  [Log] loginPage() PASSED 
2021-10-03 15:38:47,353 INFO  [Log] signIn() PASSED 
2021-10-03 15:38:49,741 INFO  [Log] searchProduct() PASSED 
2021-10-03 15:38:53,547 INFO  [Log] scrollPage() PASSED 
2021-10-03 15:38:58,329 INFO  [Log] selectProduct() PASSED 
2021-10-03 15:38:58,946 INFO  [Log] addProductToCart() PASSED 
2021-10-03 15:39:52,183 INFO  [Log] openMainUrl() PASSED 
2021-10-03 15:39:52,796 INFO  [Log] loginPage() PASSED 
2021-10-03 15:39:57,844 INFO  [Log] signIn() PASSED 
2021-10-03 15:40:00,269 INFO  [Log] searchProduct() PASSED 
2021-10-03 15:40:03,041 INFO  [Log] scrollPage() PASSED 
2021-10-03 15:40:09,192 INFO  [Log] selectProduct() PASSED 
2021-10-03 15:40:09,554 ERROR [Log] addProductToCart() FAILED with cause : For input string: "" 
2021-10-03 15:40:13,111 INFO  [Log] checkPrice() PASSED 
2021-10-03 15:41:37,768 INFO  [Log] openMainUrl() PASSED 
2021-10-03 15:41:40,798 INFO  [Log] loginPage() PASSED 
2021-10-03 15:41:46,488 INFO  [Log] signIn() PASSED 
2021-10-03 15:41:49,678 INFO  [Log] searchProduct() PASSED 
2021-10-03 15:41:53,469 INFO  [Log] scrollPage() PASSED 
2021-10-03 15:41:58,073 INFO  [Log] selectProduct() PASSED 
2021-10-03 15:41:58,390 ERROR [Log] addProductToCart() FAILED with cause : For input string: "" 
2021-10-03 15:42:01,686 INFO  [Log] checkPrice() PASSED 
2021-10-03 15:45:05,789 INFO  [Log] openMainUrl() PASSED 
2021-10-03 15:45:06,799 INFO  [Log] loginPage() PASSED 
2021-10-03 15:45:12,918 INFO  [Log] signIn() PASSED 
2021-10-03 15:45:15,893 INFO  [Log] searchProduct() PASSED 
2021-10-03 15:45:19,633 INFO  [Log] scrollPage() PASSED 
2021-10-03 15:45:25,725 INFO  [Log] selectProduct() PASSED 
2021-10-03 15:45:26,213 ERROR [Log] addProductToCart() FAILED with cause : For input string: "" 
2021-10-03 15:45:33,485 INFO  [Log] checkPrice() PASSED 
2021-10-03 15:46:54,273 INFO  [Log] openMainUrl() PASSED 
2021-10-03 15:46:55,012 INFO  [Log] loginPage() PASSED 
2021-10-03 15:46:59,897 INFO  [Log] signIn() PASSED 
2021-10-03 15:47:02,384 INFO  [Log] searchProduct() PASSED 
2021-10-03 15:47:04,941 INFO  [Log] scrollPage() PASSED 
2021-10-03 15:47:11,006 INFO  [Log] selectProduct() PASSED 
2021-10-03 15:47:11,392 ERROR [Log] addProductToCart() FAILED with cause : For input string: "" 
2021-10-03 15:47:54,177 INFO  [Log] openMainUrl() PASSED 
2021-10-03 15:47:54,972 INFO  [Log] loginPage() PASSED 
2021-10-03 15:47:59,981 INFO  [Log] signIn() PASSED 
2021-10-03 15:48:02,880 INFO  [Log] searchProduct() PASSED 
2021-10-03 15:48:04,918 INFO  [Log] scrollPage() PASSED 
2021-10-03 15:48:10,603 INFO  [Log] selectProduct() PASSED 
2021-10-03 15:48:11,318 ERROR [Log] addProductToCart() FAILED with cause : For input string: "" 
2021-10-03 15:49:18,522 INFO  [Log] openMainUrl() PASSED 
2021-10-03 15:49:21,490 INFO  [Log] loginPage() PASSED 
2021-10-03 15:49:22,856 ERROR [Log] signIn() FAILED with cause : Not on home page! ==> expected: <true> but was: <false> 
2021-10-03 15:49:35,041 ERROR [Log] searchProduct() FAILED with cause : Cannot locate an element using id=search
For documentation on this error, please visit: https://www.seleniumhq.org/exceptions/no_such_element.html
Build info: version: '3.141.59', revision: 'e82be7d358', time: '2018-11-14T08:17:03'
System info: host: 'DESKTOP-3NIQGMN', ip: '192.168.0.106', os.name: 'Windows 10', os.arch: 'amd64', os.version: '10.0', java.version: '1.8.0_301'
Driver info: driver.version: RemoteWebDriver 
2021-10-03 15:49:35,103 ERROR [Log] scrollPage() FAILED with cause : no such window: target window already closed
from unknown error: web view not found
  (Session info: chrome=94.0.4606.71)
Build info: version: '3.141.59', revision: 'e82be7d358', time: '2018-11-14T08:17:03'
System info: host: 'DESKTOP-3NIQGMN', ip: '192.168.0.106', os.name: 'Windows 10', os.arch: 'amd64', os.version: '10.0', java.version: '1.8.0_301'
Driver info: org.openqa.selenium.chrome.ChromeDriver
Capabilities {acceptInsecureCerts: false, browserName: chrome, browserVersion: 94.0.4606.71, chrome: {chromedriverVersion: 94.0.4606.61 (418b78f5838ed..., userDataDir: C:\Users\faruk\AppData\Loca...}, goog:chromeOptions: {debuggerAddress: localhost:61229}, javascriptEnabled: true, networkConnectionEnabled: false, pageLoadStrategy: normal, platform: WINDOWS, platformName: WINDOWS, proxy: Proxy(), setWindowRect: true, strictFileInteractability: false, timeouts: {implicit: 0, pageLoad: 300000, script: 30000}, unhandledPromptBehavior: dismiss and notify, webauthn:extension:credBlob: true, webauthn:extension:largeBlob: true, webauthn:virtualAuthenticators: true}
Session ID: f134dc39997eb5b738fc1c1a0b4b81b3 
2021-10-03 15:49:35,138 ERROR [Log] selectProduct() FAILED with cause : no such window: target window already closed
from unknown error: web view not found
  (Session info: chrome=94.0.4606.71)
Build info: version: '3.141.59', revision: 'e82be7d358', time: '2018-11-14T08:17:03'
System info: host: 'DESKTOP-3NIQGMN', ip: '192.168.0.106', os.name: 'Windows 10', os.arch: 'amd64', os.version: '10.0', java.version: '1.8.0_301'
Driver info: org.openqa.selenium.chrome.ChromeDriver
Capabilities {acceptInsecureCerts: false, browserName: chrome, browserVersion: 94.0.4606.71, chrome: {chromedriverVersion: 94.0.4606.61 (418b78f5838ed..., userDataDir: C:\Users\faruk\AppData\Loca...}, goog:chromeOptions: {debuggerAddress: localhost:61229}, javascriptEnabled: true, networkConnectionEnabled: false, pageLoadStrategy: normal, platform: WINDOWS, platformName: WINDOWS, proxy: Proxy(), setWindowRect: true, strictFileInteractability: false, timeouts: {implicit: 0, pageLoad: 300000, script: 30000}, unhandledPromptBehavior: dismiss and notify, webauthn:extension:credBlob: true, webauthn:extension:largeBlob: true, webauthn:virtualAuthenticators: true}
Session ID: f134dc39997eb5b738fc1c1a0b4b81b3
*** Element info: {Using=class name, value=picture-box} 
2021-10-03 15:49:35,168 ERROR [Log] addProductToCart() FAILED with cause : no such window: target window already closed
from unknown error: web view not found
  (Session info: chrome=94.0.4606.71)
Build info: version: '3.141.59', revision: 'e82be7d358', time: '2018-11-14T08:17:03'
System info: host: 'DESKTOP-3NIQGMN', ip: '192.168.0.106', os.name: 'Windows 10', os.arch: 'amd64', os.version: '10.0', java.version: '1.8.0_301'
Driver info: org.openqa.selenium.chrome.ChromeDriver
Capabilities {acceptInsecureCerts: false, browserName: chrome, browserVersion: 94.0.4606.71, chrome: {chromedriverVersion: 94.0.4606.61 (418b78f5838ed..., userDataDir: C:\Users\faruk\AppData\Loca...}, goog:chromeOptions: {debuggerAddress: localhost:61229}, javascriptEnabled: true, networkConnectionEnabled: false, pageLoadStrategy: normal, platform: WINDOWS, platformName: WINDOWS, proxy: Proxy(), setWindowRect: true, strictFileInteractability: false, timeouts: {implicit: 0, pageLoad: 300000, script: 30000}, unhandledPromptBehavior: dismiss and notify, webauthn:extension:credBlob: true, webauthn:extension:largeBlob: true, webauthn:virtualAuthenticators: true}
Session ID: f134dc39997eb5b738fc1c1a0b4b81b3
*** Element info: {Using=id, value=pd_add_to_cart} 
2021-10-03 15:50:03,366 INFO  [Log] openMainUrl() PASSED 
2021-10-03 15:50:03,982 INFO  [Log] loginPage() PASSED 
2021-10-03 15:50:09,192 INFO  [Log] signIn() PASSED 
2021-10-03 15:50:12,726 INFO  [Log] searchProduct() PASSED 
2021-10-03 15:50:15,914 INFO  [Log] scrollPage() PASSED 
2021-10-03 15:50:22,497 INFO  [Log] selectProduct() PASSED 
2021-10-03 15:50:22,944 ERROR [Log] addProductToCart() FAILED with cause : For input string: "" 
2021-10-03 15:52:31,802 INFO  [Log] openMainUrl() PASSED 
2021-10-03 15:52:33,776 INFO  [Log] loginPage() PASSED 
2021-10-03 15:52:37,652 INFO  [Log] signIn() PASSED 
2021-10-03 15:52:40,106 INFO  [Log] searchProduct() PASSED 
2021-10-03 15:52:43,008 INFO  [Log] scrollPage() PASSED 
2021-10-03 15:52:46,488 INFO  [Log] selectProduct() PASSED 
2021-10-03 15:52:48,380 ERROR [Log] addProductToCart() FAILED with cause : For input string: "" 
2021-10-03 15:53:35,397 INFO  [Log] openMainUrl() PASSED 
2021-10-03 15:53:35,951 INFO  [Log] loginPage() PASSED 
2021-10-03 15:53:41,118 INFO  [Log] signIn() PASSED 
2021-10-03 15:53:43,755 INFO  [Log] searchProduct() PASSED 
2021-10-03 15:53:48,027 INFO  [Log] scrollPage() PASSED 
2021-10-03 15:53:51,822 INFO  [Log] selectProduct() PASSED 
2021-10-03 15:53:53,281 ERROR [Log] addProductToCart() FAILED with cause : expected: <1> but was: <2> 
2021-10-03 15:54:47,998 INFO  [Log] openMainUrl() PASSED 
2021-10-03 15:54:50,496 INFO  [Log] loginPage() PASSED 
2021-10-03 15:54:54,951 INFO  [Log] signIn() PASSED 
2021-10-03 15:54:57,085 INFO  [Log] searchProduct() PASSED 
2021-10-03 15:54:58,750 INFO  [Log] scrollPage() PASSED 
2021-10-03 15:55:05,240 INFO  [Log] selectProduct() PASSED 
2021-10-03 15:55:06,466 ERROR [Log] addProductToCart() FAILED with cause : For input string: "" 
2021-10-03 15:58:08,268 INFO  [Log] openMainUrl() PASSED 
2021-10-03 15:58:09,234 INFO  [Log] loginPage() PASSED 
2021-10-03 15:58:13,994 INFO  [Log] signIn() PASSED 
2021-10-03 15:58:17,483 INFO  [Log] searchProduct() PASSED 
2021-10-03 15:58:19,944 INFO  [Log] scrollPage() PASSED 
2021-10-03 15:58:25,703 INFO  [Log] selectProduct() PASSED 
2021-10-03 15:58:26,307 ERROR [Log] addProductToCart() FAILED with cause : For input string: "" 
2021-10-03 15:58:29,126 INFO  [Log] checkPrice() PASSED 
2021-10-03 16:02:06,426 INFO  [Log] openMainUrl() PASSED 
2021-10-03 16:02:09,517 INFO  [Log] loginPage() PASSED 
2021-10-03 16:02:14,042 INFO  [Log] signIn() PASSED 
2021-10-03 16:02:17,381 INFO  [Log] searchProduct() PASSED 
2021-10-03 16:02:21,116 INFO  [Log] scrollPage() PASSED 
2021-10-03 16:02:27,152 INFO  [Log] selectProduct() PASSED 
2021-10-03 16:02:27,843 INFO  [Log] addProductToCart() PASSED 
2021-10-03 16:04:23,504 INFO  [Log] openMainUrl() PASSED 
2021-10-03 16:04:26,604 INFO  [Log] loginPage() PASSED 
2021-10-03 16:04:30,026 INFO  [Log] signIn() PASSED 
2021-10-03 16:04:32,686 INFO  [Log] searchProduct() PASSED 
2021-10-03 16:04:34,707 INFO  [Log] scrollPage() PASSED 
2021-10-03 16:04:41,770 INFO  [Log] selectProduct() PASSED 
2021-10-03 16:04:42,274 ERROR [Log] addProductToCart() FAILED with cause : For input string: "" 
2021-10-03 16:14:42,787 INFO  [Log] openMainUrl() PASSED 
2021-10-03 16:14:45,460 INFO  [Log] loginPage() PASSED 
2021-10-03 16:14:48,990 INFO  [Log] signIn() PASSED 
2021-10-03 16:14:50,824 INFO  [Log] searchProduct() PASSED 
2021-10-03 16:14:54,978 INFO  [Log] scrollPage() PASSED 
2021-10-03 16:15:01,138 INFO  [Log] selectProduct() PASSED 
2021-10-03 16:15:02,448 INFO  [Log] addProductToCart() PASSED 
2021-10-03 16:15:05,238 INFO  [Log] checkPrice() PASSED 
2021-10-03 16:15:55,353 ERROR [Log] productCountIncrease() FAILED with cause : no such element: Unable to locate element: {"method":"css selector","selector":"#Cart_AddQuantity_677346852"}
  (Session info: chrome=94.0.4606.71)
For documentation on this error, please visit: https://www.seleniumhq.org/exceptions/no_such_element.html
Build info: version: '3.141.59', revision: 'e82be7d358', time: '2018-11-14T08:17:03'
System info: host: 'DESKTOP-3NIQGMN', ip: '192.168.0.106', os.name: 'Windows 10', os.arch: 'amd64', os.version: '10.0', java.version: '1.8.0_301'
Driver info: org.openqa.selenium.chrome.ChromeDriver
Capabilities {acceptInsecureCerts: false, browserName: chrome, browserVersion: 94.0.4606.71, chrome: {chromedriverVersion: 94.0.4606.61 (418b78f5838ed..., userDataDir: C:\Users\faruk\AppData\Loca...}, goog:chromeOptions: {debuggerAddress: localhost:51714}, javascriptEnabled: true, networkConnectionEnabled: false, pageLoadStrategy: normal, platform: WINDOWS, platformName: WINDOWS, proxy: Proxy(), setWindowRect: true, strictFileInteractability: false, timeouts: {implicit: 0, pageLoad: 300000, script: 30000}, unhandledPromptBehavior: dismiss and notify, webauthn:extension:credBlob: true, webauthn:extension:largeBlob: true, webauthn:virtualAuthenticators: true}
Session ID: c87c4f0afa2a98f2a17436d78457cd3b
*** Element info: {Using=id, value=Cart_AddQuantity_677346852} 
2021-10-03 16:18:39,624 INFO  [Log] openMainUrl() PASSED 
2021-10-03 16:18:41,853 INFO  [Log] loginPage() PASSED 
2021-10-03 16:18:45,721 INFO  [Log] signIn() PASSED 
2021-10-03 16:18:48,001 INFO  [Log] searchProduct() PASSED 
2021-10-03 16:18:50,033 INFO  [Log] scrollPage() PASSED 
2021-10-03 16:18:56,892 INFO  [Log] selectProduct() PASSED 
2021-10-03 16:18:57,557 ERROR [Log] addProductToCart() FAILED with cause : For input string: "" 
2021-10-03 16:19:00,415 INFO  [Log] checkPrice() PASSED 
2021-10-03 16:19:01,220 ERROR [Log] productCountIncrease() FAILED with cause : For input string: "" 
2021-10-03 16:27:55,900 INFO  [Log] openMainUrl() PASSED 
2021-10-03 16:27:57,073 INFO  [Log] loginPage() PASSED 
2021-10-03 16:28:02,838 INFO  [Log] signIn() PASSED 
2021-10-03 16:28:06,636 INFO  [Log] searchProduct() PASSED 
2021-10-03 16:28:10,112 INFO  [Log] scrollPage() PASSED 
2021-10-03 16:28:17,540 INFO  [Log] selectProduct() PASSED 
2021-10-03 16:28:18,301 ERROR [Log] addProductToCart() FAILED with cause : For input string: "" 
2021-10-03 16:28:24,932 INFO  [Log] checkPrice() PASSED 
2021-10-03 16:28:25,637 ERROR [Log] productCountIncrease() FAILED with cause : For input string: "" 
2021-10-03 16:28:25,883 ERROR [Log] deleteProduct() FAILED with cause : stale element reference: element is not attached to the page document
  (Session info: chrome=94.0.4606.71)
For documentation on this error, please visit: https://www.seleniumhq.org/exceptions/stale_element_reference.html
Build info: version: '3.141.59', revision: 'e82be7d358', time: '2018-11-14T08:17:03'
System info: host: 'DESKTOP-3NIQGMN', ip: '192.168.0.106', os.name: 'Windows 10', os.arch: 'amd64', os.version: '10.0', java.version: '1.8.0_301'
Driver info: org.openqa.selenium.chrome.ChromeDriver
Capabilities {acceptInsecureCerts: false, browserName: chrome, browserVersion: 94.0.4606.71, chrome: {chromedriverVersion: 94.0.4606.61 (418b78f5838ed..., userDataDir: C:\Users\faruk\AppData\Loca...}, goog:chromeOptions: {debuggerAddress: localhost:63252}, javascriptEnabled: true, networkConnectionEnabled: false, pageLoadStrategy: normal, platform: WINDOWS, platformName: WINDOWS, proxy: Proxy(), setWindowRect: true, strictFileInteractability: false, timeouts: {implicit: 0, pageLoad: 300000, script: 30000}, unhandledPromptBehavior: dismiss and notify, webauthn:extension:credBlob: true, webauthn:extension:largeBlob: true, webauthn:virtualAuthenticators: true}
Session ID: 1c4f3158d0d162a9e4daa536861b0661 
2021-10-03 16:33:58,574 INFO  [Log] openMainUrl() PASSED 
2021-10-03 16:33:59,207 INFO  [Log] loginPage() PASSED 
2021-10-03 16:34:04,656 INFO  [Log] signIn() PASSED 
2021-10-03 16:34:06,867 INFO  [Log] searchProduct() PASSED 
2021-10-03 16:34:10,154 INFO  [Log] scrollPage() PASSED 
2021-10-03 16:34:17,267 INFO  [Log] selectProduct() PASSED 
2021-10-03 16:34:18,093 INFO  [Log] addProductToCart() PASSED 
2021-10-03 16:34:21,223 INFO  [Log] checkPrice() PASSED 
2021-10-03 16:34:21,993 ERROR [Log] productCountIncrease() FAILED with cause : For input string: "" 
2021-10-03 16:34:52,493 ERROR [Log] deleteProduct() FAILED with cause : Expected condition failed: waiting for visibility of element located by By.className: sc-delete (tried for 30 second(s) with 500 milliseconds interval)
Build info: version: '3.141.59', revision: 'e82be7d358', time: '2018-11-14T08:17:03'
System info: host: 'DESKTOP-3NIQGMN', ip: '192.168.0.106', os.name: 'Windows 10', os.arch: 'amd64', os.version: '10.0', java.version: '1.8.0_301'
Driver info: org.openqa.selenium.chrome.ChromeDriver
Capabilities {acceptInsecureCerts: false, browserName: chrome, browserVersion: 94.0.4606.71, chrome: {chromedriverVersion: 94.0.4606.61 (418b78f5838ed..., userDataDir: C:\Users\faruk\AppData\Loca...}, goog:chromeOptions: {debuggerAddress: localhost:61487}, javascriptEnabled: true, networkConnectionEnabled: false, pageLoadStrategy: normal, platform: WINDOWS, platformName: WINDOWS, proxy: Proxy(), setWindowRect: true, strictFileInteractability: false, timeouts: {implicit: 0, pageLoad: 300000, script: 30000}, unhandledPromptBehavior: dismiss and notify, webauthn:extension:credBlob: true, webauthn:extension:largeBlob: true, webauthn:virtualAuthenticators: true}
Session ID: b23c328a13e18231dd0a2541b432b0e4 
2021-10-03 16:39:35,491 INFO  [Log] openMainUrl() PASSED 
2021-10-03 16:39:38,016 INFO  [Log] loginPage() PASSED 
2021-10-03 16:39:41,987 INFO  [Log] signIn() PASSED 
2021-10-03 16:39:44,924 INFO  [Log] searchProduct() PASSED 
2021-10-03 16:39:48,101 INFO  [Log] scrollPage() PASSED 
2021-10-03 16:39:54,861 INFO  [Log] selectProduct() PASSED 
2021-10-03 16:39:55,559 INFO  [Log] addProductToCart() PASSED 
2021-10-03 16:39:58,379 INFO  [Log] checkPrice() PASSED 
2021-10-03 16:39:59,184 ERROR [Log] productCountIncrease() FAILED with cause : For input string: "" 
2021-10-03 16:40:49,543 ERROR [Log] deleteProduct() FAILED with cause : Expected condition failed: waiting for visibility of element located by By.xpath: //*[@id="Cart_ProductDelete_677364172"] (tried for 30 second(s) with 500 milliseconds interval) 
2021-10-03 16:45:22,515 INFO  [Log] openMainUrl() PASSED 
2021-10-03 16:45:25,106 INFO  [Log] loginPage() PASSED 
2021-10-03 16:45:28,800 INFO  [Log] signIn() PASSED 
2021-10-03 16:45:30,785 INFO  [Log] searchProduct() PASSED 
2021-10-03 16:45:34,413 INFO  [Log] scrollPage() PASSED 
2021-10-03 16:45:40,081 INFO  [Log] selectProduct() PASSED 
2021-10-03 16:45:41,478 ERROR [Log] addProductToCart() FAILED with cause : For input string: "" 
2021-10-03 16:46:13,457 INFO  [Log] checkPrice() PASSED 
2021-10-03 16:46:14,105 ERROR [Log] productCountIncrease() FAILED with cause : For input string: "" 
2021-10-03 16:47:04,367 ERROR [Log] deleteProduct() FAILED with cause : Expected condition failed: waiting for visibility of element located by By.xpath: //*[@id="Cart_ProductDelete_677364172"] (tried for 50 second(s) with 500 milliseconds interval) 
2021-10-03 16:53:11,853 INFO  [Log] openMainUrl() PASSED 
2021-10-03 16:53:14,725 INFO  [Log] loginPage() PASSED 
2021-10-03 16:53:18,173 INFO  [Log] signIn() PASSED 
2021-10-03 16:53:21,940 INFO  [Log] searchProduct() PASSED 
2021-10-03 16:53:24,801 INFO  [Log] scrollPage() PASSED 
2021-10-03 16:53:30,712 INFO  [Log] selectProduct() PASSED 
2021-10-03 16:53:31,160 ERROR [Log] addProductToCart() FAILED with cause : For input string: "" 
2021-10-03 16:53:34,352 INFO  [Log] checkPrice() PASSED 
2021-10-03 16:53:35,345 ERROR [Log] productCountIncrease() FAILED with cause : For input string: "" 
2021-10-03 16:53:35,769 ERROR [Log] deleteProduct() FAILED with cause : stale element reference: element is not attached to the page document
  (Session info: chrome=94.0.4606.71)
For documentation on this error, please visit: https://www.seleniumhq.org/exceptions/stale_element_reference.html
Build info: version: '3.141.59', revision: 'e82be7d358', time: '2018-11-14T08:17:03'
System info: host: 'DESKTOP-3NIQGMN', ip: '192.168.0.106', os.name: 'Windows 10', os.arch: 'amd64', os.version: '10.0', java.version: '1.8.0_301'
Driver info: org.openqa.selenium.chrome.ChromeDriver
Capabilities {acceptInsecureCerts: false, browserName: chrome, browserVersion: 94.0.4606.71, chrome: {chromedriverVersion: 94.0.4606.61 (418b78f5838ed..., userDataDir: C:\Users\faruk\AppData\Loca...}, goog:chromeOptions: {debuggerAddress: localhost:62859}, javascriptEnabled: true, networkConnectionEnabled: false, pageLoadStrategy: normal, platform: WINDOWS, platformName: WINDOWS, proxy: Proxy(), setWindowRect: true, strictFileInteractability: false, timeouts: {implicit: 0, pageLoad: 300000, script: 30000}, unhandledPromptBehavior: dismiss and notify, webauthn:extension:credBlob: true, webauthn:extension:largeBlob: true, webauthn:virtualAuthenticators: true}
Session ID: 4ac3c5fec0bce3083f8bdb06940df66b 
2021-10-03 16:58:30,223 INFO  [Log] openMainUrl() PASSED 
2021-10-03 16:58:31,335 INFO  [Log] loginPage() PASSED 
2021-10-03 16:58:36,610 INFO  [Log] signIn() PASSED 
2021-10-03 16:58:38,945 INFO  [Log] searchProduct() PASSED 
2021-10-03 16:58:42,918 INFO  [Log] scrollPage() PASSED 
2021-10-03 16:58:49,363 INFO  [Log] selectProduct() PASSED 
2021-10-03 16:58:49,738 ERROR [Log] addProductToCart() FAILED with cause : For input string: "" 
2021-10-03 16:58:52,657 INFO  [Log] checkPrice() PASSED 
2021-10-03 16:58:53,412 ERROR [Log] productCountIncrease() FAILED with cause : For input string: "" 
2021-10-03 16:58:56,282 INFO  [Log] deleteProduct() PASSED 
2021-10-03 16:59:59,994 INFO  [Log] openMainUrl() PASSED 
2021-10-03 17:00:01,050 INFO  [Log] loginPage() PASSED 
2021-10-03 17:00:06,615 INFO  [Log] signIn() PASSED 
2021-10-03 17:00:09,335 INFO  [Log] searchProduct() PASSED 
2021-10-03 17:00:11,777 INFO  [Log] scrollPage() PASSED 
2021-10-03 17:00:19,054 INFO  [Log] selectProduct() PASSED 
2021-10-03 17:00:19,427 ERROR [Log] addProductToCart() FAILED with cause : For input string: "" 
2021-10-03 17:00:28,509 INFO  [Log] checkPrice() PASSED 
2021-10-03 17:00:28,924 ERROR [Log] productCountIncrease() FAILED with cause : For input string: "" 
2021-10-03 17:00:29,939 INFO  [Log] deleteProduct() PASSED 
2021-10-03 18:51:17,006 INFO  [Log] openMainUrl() PASSED 
2021-10-03 18:51:17,682 INFO  [Log] loginPage() PASSED 
2021-10-03 18:51:22,816 INFO  [Log] signIn() PASSED 
2021-10-03 18:51:26,207 INFO  [Log] searchProduct() PASSED 
2021-10-03 18:51:29,792 INFO  [Log] scrollPage() PASSED 
2021-10-03 18:51:34,297 INFO  [Log] selectProduct() PASSED 
2021-10-03 18:51:34,874 ERROR [Log] addProductToCart() FAILED with cause : expected: <1> but was: <2> 
2021-10-03 18:51:37,624 ERROR [Log] checkPrice() FAILED with cause : expected: <239,97 TL> but was: <79,99 TL> 
2021-10-03 18:51:38,300 ERROR [Log] productCountIncrease() FAILED with cause : For input string: "" 
2021-10-03 18:51:38,648 ERROR [Log] deleteProduct() FAILED with cause : stale element reference: element is not attached to the page document
  (Session info: chrome=94.0.4606.71)
For documentation on this error, please visit: https://www.seleniumhq.org/exceptions/stale_element_reference.html
Build info: version: '3.141.59', revision: 'e82be7d358', time: '2018-11-14T08:17:03'
System info: host: 'DESKTOP-3NIQGMN', ip: '192.168.0.106', os.name: 'Windows 10', os.arch: 'amd64', os.version: '10.0', java.version: '1.8.0_301'
Driver info: org.openqa.selenium.chrome.ChromeDriver
Capabilities {acceptInsecureCerts: false, browserName: chrome, browserVersion: 94.0.4606.71, chrome: {chromedriverVersion: 94.0.4606.61 (418b78f5838ed..., userDataDir: C:\Users\faruk\AppData\Loca...}, goog:chromeOptions: {debuggerAddress: localhost:60605}, javascriptEnabled: true, networkConnectionEnabled: false, pageLoadStrategy: normal, platform: WINDOWS, platformName: WINDOWS, proxy: Proxy(), setWindowRect: true, strictFileInteractability: false, timeouts: {implicit: 0, pageLoad: 300000, script: 30000}, unhandledPromptBehavior: dismiss and notify, webauthn:extension:credBlob: true, webauthn:extension:largeBlob: true, webauthn:virtualAuthenticators: true}
Session ID: dc962efd02168a7727b5672cd9e9b9bd 
2021-10-03 18:52:13,719 INFO  [Log] openMainUrl() PASSED 
2021-10-03 18:52:14,585 INFO  [Log] loginPage() PASSED 
2021-10-03 18:52:18,998 INFO  [Log] signIn() PASSED 
2021-10-03 18:52:21,183 INFO  [Log] searchProduct() PASSED 
2021-10-03 18:52:24,303 INFO  [Log] scrollPage() PASSED 
2021-10-03 18:52:28,786 INFO  [Log] selectProduct() PASSED 
2021-10-03 18:52:29,258 ERROR [Log] addProductToCart() FAILED with cause : For input string: "" 
2021-10-03 18:52:32,699 INFO  [Log] checkPrice() PASSED 
2021-10-03 18:52:33,244 ERROR [Log] productCountIncrease() FAILED with cause : For input string: "" 
2021-10-03 18:52:34,245 INFO  [Log] deleteProduct() PASSED 
